<html>
<head>
<title>TestNG:  Test</title>
<link href="../testng.css" rel="stylesheet" type="text/css" />
<link href="../my-testng.css" rel="stylesheet" type="text/css" />

<style type="text/css">
.log { display: none;} 
.stack-trace { display: none;} 
</style>
<script type="text/javascript">
<!--
function flip(e) {
  current = e.style.display;
  if (current == 'block') {
    e.style.display = 'none';
    return 0;
  }
  else {
    e.style.display = 'block';
    return 1;
  }
}

function toggleBox(szDivId, elem, msg1, msg2)
{
  var res = -1;  if (document.getElementById) {
    res = flip(document.getElementById(szDivId));
  }
  else if (document.all) {
    // this is the way old msie versions work
    res = flip(document.all[szDivId]);
  }
  if(elem) {
    if(res == 0) elem.innerHTML = msg1; else elem.innerHTML = msg2;
  }

}

function toggleAllBoxes() {
  if (document.getElementsByTagName) {
    d = document.getElementsByTagName('div');
    for (i = 0; i < d.length; i++) {
      if (d[i].className == 'log') {
        flip(d[i]);
      }
    }
  }
}

// -->
</script>

</head>
<body>
<h2 align='center'>Test</h2><table border='1' align="center">
<tr>
<td>Tests passed/Failed/Skipped:</td><td>18/1/1</td>
</tr><tr>
<td>Started on:</td><td>Fri May 03 23:32:40 IST 2024</td>
</tr>
<tr><td>Total time:</td><td>0 seconds (667 ms)</td>
</tr><tr>
<td>Included groups:</td><td></td>
</tr><tr>
<td>Excluded groups:</td><td></td>
</tr>
</table><p/>
<small><i>(Hover the method name to see the test class name)</i></small><p/>
<table width='100%' border='1' class='invocation-failed'>
<tr><td colspan='4' align='center'><b>FAILED TESTS</b></td></tr>
<tr><td><b>Test method</b></td>
<td width="30%"><b>Exception</b></td>
<td width="10%"><b>Time (seconds)</b></td>
<td><b>Instance</b></td>
</tr>
<tr>
<td title='javapackage.TestNG8.testcase1()'><b>testcase1</b><br>Test class: javapackage.TestNG8</td>
<td><div><pre>java.lang.AssertionError: expected [true] but found [false]
	at javapackage.TestNG8.testcase1(TestNG8.java:15)
	at java.base/java.util.concurrent.ThreadPoolExecutor.runWorker(ThreadPoolExecutor.java:1136)
	at java.base/java.util.concurrent.ThreadPoolExecutor$Worker.run(ThreadPoolExecutor.java:635)
	at java.base/java.lang.Thread.run(Thread.java:840)
... Removed 16 stack frames</pre></div><a href='#' onClick='toggleBox("stack-trace249382981", this, "Click to show all stack frames", "Click to hide stack frames")'>Click to show all stack frames</a>
<div class='stack-trace' id='stack-trace249382981'><pre>java.lang.AssertionError: expected [true] but found [false]
	at org.testng.Assert.fail(Assert.java:99)
	at org.testng.Assert.failNotEquals(Assert.java:1037)
	at org.testng.Assert.assertTrue(Assert.java:45)
	at org.testng.Assert.assertTrue(Assert.java:55)
	at javapackage.TestNG8.testcase1(TestNG8.java:15)
	at java.base/jdk.internal.reflect.NativeMethodAccessorImpl.invoke0(Native Method)
	at java.base/jdk.internal.reflect.NativeMethodAccessorImpl.invoke(NativeMethodAccessorImpl.java:77)
	at java.base/jdk.internal.reflect.DelegatingMethodAccessorImpl.invoke(DelegatingMethodAccessorImpl.java:43)
	at java.base/java.lang.reflect.Method.invoke(Method.java:568)
	at org.testng.internal.MethodInvocationHelper.invokeMethod(MethodInvocationHelper.java:133)
	at org.testng.internal.TestInvoker.invokeMethod(TestInvoker.java:598)
	at org.testng.internal.TestInvoker.invokeTestMethod(TestInvoker.java:173)
	at org.testng.internal.MethodRunner.runInSequence(MethodRunner.java:46)
	at org.testng.internal.TestInvoker$MethodInvocationAgent.invoke(TestInvoker.java:824)
	at org.testng.internal.TestInvoker.invokeTestMethods(TestInvoker.java:146)
	at org.testng.internal.TestMethodWorker.invokeTestMethods(TestMethodWorker.java:146)
	at org.testng.internal.TestMethodWorker.run(TestMethodWorker.java:128)
	at java.base/java.util.concurrent.ThreadPoolExecutor.runWorker(ThreadPoolExecutor.java:1136)
	at java.base/java.util.concurrent.ThreadPoolExecutor$Worker.run(ThreadPoolExecutor.java:635)
	at java.base/java.lang.Thread.run(Thread.java:840)
</pre></div></td>
<td>0</td>
<td>javapackage.TestNG8@4b0d79fc</td></tr>
</table><p>
<table width='100%' border='1' class='invocation-passed'>
<tr><td colspan='4' align='center'><b>PASSED TESTS</b></td></tr>
<tr><td><b>Test method</b></td>
<td width="30%"><b>Exception</b></td>
<td width="10%"><b>Time (seconds)</b></td>
<td><b>Instance</b></td>
</tr>
<tr>
<td title='javapackage.TestNG3.d()'><b>d</b><br>Test class: javapackage.TestNG3</td>
<td></td>
<td>0</td>
<td>javapackage.TestNG3@4b45a2f5</td></tr>
<tr>
<td title='javapackage.TestNG4.z()'><b>z</b><br>Test class: javapackage.TestNG4</td>
<td></td>
<td>0</td>
<td>javapackage.TestNG4@7b36aa0c</td></tr>
<tr>
<td title='javapackage.TestNG2.b()'><b>b</b><br>Test class: javapackage.TestNG2</td>
<td></td>
<td>0</td>
<td>javapackage.TestNG2@6404f418</td></tr>
<tr>
<td title='javapackage.TestNG8.testcase()'><b>testcase</b><br>Test class: javapackage.TestNG8</td>
<td></td>
<td>0</td>
<td>javapackage.TestNG8@4b0d79fc</td></tr>
<tr>
<td title='javapackage.testNG7.login()'><b>login</b><br>Test class: javapackage.testNG7</td>
<td></td>
<td>0</td>
<td>javapackage.testNG7@55634720</td></tr>
<tr>
<td title='javapackage.TestNG4.h()'><b>h</b><br>Test class: javapackage.TestNG4</td>
<td></td>
<td>0</td>
<td>javapackage.TestNG4@7b36aa0c</td></tr>
<tr>
<td title='javapackage.TestNG2.c()'><b>c</b><br>Test class: javapackage.TestNG2</td>
<td></td>
<td>0</td>
<td>javapackage.TestNG2@6404f418</td></tr>
<tr>
<td title='javapackage.TestNG2.a()'><b>a</b><br>Test class: javapackage.TestNG2</td>
<td></td>
<td>0</td>
<td>javapackage.TestNG2@6404f418</td></tr>
<tr>
<td title='javapackage.TestNG2.u()'><b>u</b><br>Test class: javapackage.TestNG2</td>
<td></td>
<td>0</td>
<td>javapackage.TestNG2@6404f418</td></tr>
<tr>
<td title='javapackage.TestNG5.z()'><b>z</b><br>Test class: javapackage.TestNG5</td>
<td></td>
<td>0</td>
<td>javapackage.TestNG5@25641d39</td></tr>
<tr>
<td title='javapackage.TestNG6.enroll()'><b>enroll</b><br>Test class: javapackage.TestNG6</td>
<td></td>
<td>0</td>
<td>javapackage.TestNG6@2d710f1a</td></tr>
<tr>
<td title='javapackage.TestNG1.apple()'><b>apple</b><br>Test class: javapackage.TestNG1</td>
<td></td>
<td>0</td>
<td>javapackage.TestNG1@1151e434</td></tr>
<tr>
<td title='javapackage.TestNG6.create()'><b>create</b><br>Test class: javapackage.TestNG6</td>
<td></td>
<td>0</td>
<td>javapackage.TestNG6@2d710f1a</td></tr>
<tr>
<td title='javapackage.TestNG5.a()'><b>a</b><br>Test class: javapackage.TestNG5</td>
<td></td>
<td>0</td>
<td>javapackage.TestNG5@25641d39</td></tr>
<tr>
<td title='javapackage.TestNG2.z()'><b>z</b><br>Test class: javapackage.TestNG2</td>
<td></td>
<td>0</td>
<td>javapackage.TestNG2@6404f418</td></tr>
<tr>
<td title='javapackage.TestNG1.bali()'><b>bali</b><br>Test class: javapackage.TestNG1</td>
<td></td>
<td>0</td>
<td>javapackage.TestNG1@1151e434</td></tr>
<tr>
<td title='javapackage.testNG7.signup()'><b>signup</b><br>Test class: javapackage.testNG7</td>
<td></td>
<td>0</td>
<td>javapackage.testNG7@55634720</td></tr>
<tr>
<td title='javapackage.TestNG2.x()'><b>x</b><br>Test class: javapackage.TestNG2</td>
<td></td>
<td>0</td>
<td>javapackage.TestNG2@6404f418</td></tr>
</table><p>
<table width='100%' border='1' class='invocation-skipped'>
<tr><td colspan='4' align='center'><b>SKIPPED TESTS</b></td></tr>
<tr><td><b>Test method</b></td>
<td width="30%"><b>Exception</b></td>
<td width="10%"><b>Time (seconds)</b></td>
<td><b>Instance</b></td>
</tr>
<tr>
<td title='javapackage.TestNG5.d()'><b>d</b><br>Test class: javapackage.TestNG5</td>
<td><div><pre>org.testng.SkipException: We are skip our d test case method
	at javapackage.TestNG5.d(TestNG5.java:27)
	at java.base/java.util.concurrent.ThreadPoolExecutor.runWorker(ThreadPoolExecutor.java:1136)
	at java.base/java.util.concurrent.ThreadPoolExecutor$Worker.run(ThreadPoolExecutor.java:635)
	at java.base/java.lang.Thread.run(Thread.java:840)
... Removed 12 stack frames</pre></div><a href='#' onClick='toggleBox("stack-trace1372750441", this, "Click to show all stack frames", "Click to hide stack frames")'>Click to show all stack frames</a>
<div class='stack-trace' id='stack-trace1372750441'><pre>org.testng.SkipException: We are skip our d test case method
	at javapackage.TestNG5.d(TestNG5.java:27)
	at java.base/jdk.internal.reflect.NativeMethodAccessorImpl.invoke0(Native Method)
	at java.base/jdk.internal.reflect.NativeMethodAccessorImpl.invoke(NativeMethodAccessorImpl.java:77)
	at java.base/jdk.internal.reflect.DelegatingMethodAccessorImpl.invoke(DelegatingMethodAccessorImpl.java:43)
	at java.base/java.lang.reflect.Method.invoke(Method.java:568)
	at org.testng.internal.MethodInvocationHelper.invokeMethod(MethodInvocationHelper.java:133)
	at org.testng.internal.TestInvoker.invokeMethod(TestInvoker.java:598)
	at org.testng.internal.TestInvoker.invokeTestMethod(TestInvoker.java:173)
	at org.testng.internal.MethodRunner.runInSequence(MethodRunner.java:46)
	at org.testng.internal.TestInvoker$MethodInvocationAgent.invoke(TestInvoker.java:824)
	at org.testng.internal.TestInvoker.invokeTestMethods(TestInvoker.java:146)
	at org.testng.internal.TestMethodWorker.invokeTestMethods(TestMethodWorker.java:146)
	at org.testng.internal.TestMethodWorker.run(TestMethodWorker.java:128)
	at java.base/java.util.concurrent.ThreadPoolExecutor.runWorker(ThreadPoolExecutor.java:1136)
	at java.base/java.util.concurrent.ThreadPoolExecutor$Worker.run(ThreadPoolExecutor.java:635)
	at java.base/java.lang.Thread.run(Thread.java:840)
</pre></div></td>
<td>0</td>
<td>javapackage.TestNG5@25641d39</td></tr>
</table><p>
</body>
</html>